 1129 252 51 252 20861 3621
 49116 25524 343

 252
 288
 344
 229
 230
 327
 1866
 4402
 14795 1117
 30197 1117
 14795 3295
 30197 3295
 30197 3295 32
 14795 43 1117 32
 30197 43 1117 32
 483 351 69865 279 45 11112
 118 18799 252 54 115 4546 30869 25372 4191 13934
 23835 183893 7432 30515 125974 185839 20324
 124940 92255 273 160060 191869 44968 256 188211 21207 147 142156 195704 142156 21207 127 92255 259 21207 255 190792 21207 259 195704 21207 263
 12479 387 10171 40 22860 146 18932 15540 136 10094 387 49707 77415 91293 40 70574 387 9266 56494 384 651 692 1204 9776 40
 14795
 30197
 252 30197
 288 30197
 344 30197
 344 30197 230 344 30197
 387
 230 399
 38 6260
 14795 43 366 76896 32 822 429 383 22860 255 2972 111778 3712 27304 19409 48 23988 18044 13814 73996
 183574
 50
 2158
 11805
 50 11805
 2158 11805
 11805 11805
 50 11805 11805
 2158 11805 11805
 11805 11805 11805
 66 70789 96 140747
 104867
 144635 20623 120822 22300 4402 71947 2759 24373 12479 387 10171 40 22860 146 18932 15540 136 10094 387 49707 77415 91293 40 70574 69865 279 63816 279 252 50 252 2158 252 11805 252 50 11805 252 2158 11805 252 11805 11805 252 50 11805 11805 252 2158 11805 11805 252 50 45 50 252 50 634 50 252 50 1472 50 252 124940 92255 273 160060 191869 44968 256 188211 21207 147 142156 195704 142156 21207 127 92255 259 45614 255 2972 111778 3712 27304 19409 48 23988 18044 13814 73996 79520 1235 23427 13373 183893 7432 30515 125974 185839 20324 27123 36632 25121 3124 36057 36678 183574 31148 10446 365 1908 874 578 63490 438 414 765 43 578 1954 383 2259 62 578 76 487 2259 365 2130 960 394 43 578 67 383 679 766 8748 62 1155 38 35185 290 66450 75
